<?xml version="1.0" encoding="UTF-8"?>
<!-- Generated by org.testng.reporters.JUnitReportReporter -->
<testsuite skipped="0" hostname="LAPTOP-LED56F62" name="cucumberOptions.TestRunner" tests="1" failures="0" timestamp="28 Jun 2020 20:01:43 GMT" time="3.954" errors="0">
  <testcase name="runScenario" time="3.954" classname="cucumberOptions.TestRunner"/>
</testsuite> <!-- cucumberOptions.TestRunner -->
